<?xml version="1.0" encoding="UTF-8"?>
<coverage generated="1643872566849" clover="3.2.0">
  <project timestamp="1643872566849" name="All files">
    <metrics statements="50" coveredstatements="47" conditionals="17" coveredconditionals="13" methods="8" coveredmethods="7" elements="75" coveredelements="67" complexity="0" loc="50" ncloc="50" packages="1" files="1" classes="1"/>
    <file name="gameOfLife.ts" path="C:\Users\georg\Entwicklung\Vuejs\conways game of life\src\composables\gameOfLife.ts">
      <metrics statements="50" coveredstatements="47" conditionals="17" coveredconditionals="13" methods="8" coveredmethods="7"/>
      <line num="1" count="1" type="stmt"/>
      <line num="3" count="1" type="stmt"/>
      <line num="4" count="2" type="stmt"/>
      <line num="6" count="1" type="stmt"/>
      <line num="10" count="2" type="stmt"/>
      <line num="11" count="2" type="stmt"/>
      <line num="12" count="2" type="stmt"/>
      <line num="15" count="1" type="stmt"/>
      <line num="19" count="27" type="stmt"/>
      <line num="20" count="27" type="stmt"/>
      <line num="21" count="27" type="stmt"/>
      <line num="22" count="27" type="stmt"/>
      <line num="23" count="27" type="stmt"/>
      <line num="24" count="27" type="stmt"/>
      <line num="25" count="70" type="stmt"/>
      <line num="26" count="188" type="stmt"/>
      <line num="29" count="27" type="stmt"/>
      <line num="30" count="27" type="stmt"/>
      <line num="33" count="1" type="stmt"/>
      <line num="37" count="7" type="stmt"/>
      <line num="38" count="7" type="cond" truecount="2" falsecount="0"/>
      <line num="39" count="3" type="stmt"/>
      <line num="40" count="4" type="cond" truecount="2" falsecount="0"/>
      <line num="41" count="3" type="stmt"/>
      <line num="43" count="1" type="stmt"/>
      <line num="47" count="1" type="stmt"/>
      <line num="51" count="16" type="stmt"/>
      <line num="52" count="16" type="cond" truecount="1" falsecount="2"/>
      <line num="53" count="0" type="stmt"/>
      <line num="55" count="16" type="cond" truecount="1" falsecount="0"/>
      <line num="56" count="4" type="stmt"/>
      <line num="58" count="12" type="stmt"/>
      <line num="61" count="1" type="stmt"/>
      <line num="62" count="1" type="stmt"/>
      <line num="63" count="1" type="stmt"/>
      <line num="66" count="0" type="stmt"/>
      <line num="70" count="1" type="stmt"/>
      <line num="71" count="1" type="stmt"/>
      <line num="72" count="1" type="stmt"/>
      <line num="73" count="1" type="stmt"/>
      <line num="74" count="4" type="stmt"/>
      <line num="75" count="4" type="stmt"/>
      <line num="76" count="16" type="cond" truecount="2" falsecount="0"/>
      <line num="77" count="13" type="cond" truecount="2" falsecount="0"/>
      <line num="78" count="3" type="cond" truecount="1" falsecount="1"/>
      <line num="79" count="3" type="cond" truecount="2" falsecount="0"/>
      <line num="81" count="0" type="stmt"/>
      <line num="84" count="4" type="stmt"/>
      <line num="86" count="1" type="stmt"/>
      <line num="89" count="1" type="stmt"/>
    </file>
  </project>
</coverage>
