{"C:\\Users\\georg\\Entwicklung\\Vuejs\\conways game of life\\src\\composables\\gameOfLife.ts": {"path":"C:\\Users\\georg\\Entwicklung\\Vuejs\\conways game of life\\src\\composables\\gameOfLife.ts","statementMap":{"0":{"start":{"line":2,"column":0},"end":{"line":2,"column":54}},"1":{"start":{"line":5,"column":2},"end":{"line":5,"column":55}},"2":{"start":{"line":4,"column":0},"end":{"line":4,"column":16}},"3":{"start":{"line":8,"column":13},"end":{"line":11,"column":3}},"4":{"start":{"line":17,"column":15},"end":{"line":17,"column":27}},"5":{"start":{"line":18,"column":15},"end":{"line":18,"column":39}},"6":{"start":{"line":19,"column":2},"end":{"line":19,"column":30}},"7":{"start":{"line":13,"column":0},"end":{"line":13,"column":16}},"8":{"start":{"line":26,"column":15},"end":{"line":26,"column":37}},"9":{"start":{"line":27,"column":15},"end":{"line":27,"column":52}},"10":{"start":{"line":28,"column":15},"end":{"line":28,"column":37}},"11":{"start":{"line":29,"column":15},"end":{"line":29,"column":52}},"12":{"start":{"line":30,"column":25},"end":{"line":30,"column":26}},"13":{"start":{"line":31,"column":2},"end":{"line":35,"column":null}},"14":{"start":{"line":31,"column":15},"end":{"line":31,"column":19}},"15":{"start":{"line":32,"column":4},"end":{"line":34,"column":null}},"16":{"start":{"line":32,"column":17},"end":{"line":32,"column":21}},"17":{"start":{"line":33,"column":6},"end":{"line":33,"column":38}},"18":{"start":{"line":36,"column":2},"end":{"line":36,"column":42}},"19":{"start":{"line":37,"column":2},"end":{"line":37,"column":26}},"20":{"start":{"line":22,"column":0},"end":{"line":22,"column":16}},"21":{"start":{"line":45,"column":2},"end":{"line":51,"column":null}},"22":{"start":{"line":46,"column":4},"end":{"line":46,"column":17}},"23":{"start":{"line":47,"column":9},"end":{"line":51,"column":null}},"24":{"start":{"line":48,"column":4},"end":{"line":48,"column":16}},"25":{"start":{"line":50,"column":4},"end":{"line":50,"column":17}},"26":{"start":{"line":40,"column":0},"end":{"line":40,"column":16}},"27":{"start":{"line":59,"column":2},"end":{"line":61,"column":null}},"28":{"start":{"line":60,"column":4},"end":{"line":60,"column":16}},"29":{"start":{"line":62,"column":2},"end":{"line":62,"column":15}},"30":{"start":{"line":54,"column":0},"end":{"line":54,"column":16}},"31":{"start":{"line":66,"column":15},"end":{"line":66,"column":31}},"32":{"start":{"line":67,"column":15},"end":{"line":67,"column":34}},"33":{"start":{"line":68,"column":19},"end":{"line":68,"column":21}},"34":{"start":{"line":69,"column":2},"end":{"line":76,"column":null}},"35":{"start":{"line":69,"column":15},"end":{"line":69,"column":16}},"36":{"start":{"line":70,"column":16},"end":{"line":70,"column":33}},"37":{"start":{"line":71,"column":4},"end":{"line":74,"column":null}},"38":{"start":{"line":71,"column":17},"end":{"line":71,"column":18}},"39":{"start":{"line":72,"column":38},"end":{"line":72,"column":92}},"40":{"start":{"line":73,"column":6},"end":{"line":73,"column":72}},"41":{"start":{"line":75,"column":4},"end":{"line":75,"column":23}},"42":{"start":{"line":77,"column":2},"end":{"line":77,"column":18}},"43":{"start":{"line":65,"column":0},"end":{"line":65,"column":16}},"44":{"start":{"line":84,"column":2},"end":{"line":91,"column":null}},"45":{"start":{"line":85,"column":4},"end":{"line":85,"column":93}},"46":{"start":{"line":86,"column":9},"end":{"line":91,"column":null}},"47":{"start":{"line":87,"column":4},"end":{"line":87,"column":92}},"48":{"start":{"line":89,"column":4},"end":{"line":89,"column":68}},"49":{"start":{"line":90,"column":4},"end":{"line":90,"column":26}},"50":{"start":{"line":80,"column":0},"end":{"line":80,"column":16}},"51":{"start":{"line":94,"column":2},"end":{"line":96,"column":null}},"52":{"start":{"line":95,"column":4},"end":{"line":95,"column":21}},"53":{"start":{"line":97,"column":2},"end":{"line":97,"column":72}},"54":{"start":{"line":93,"column":0},"end":{"line":93,"column":16}},"55":{"start":{"line":101,"column":2},"end":{"line":101,"column":57}},"56":{"start":{"line":105,"column":17},"end":{"line":105,"column":51}},"57":{"start":{"line":106,"column":2},"end":{"line":110,"column":null}},"58":{"start":{"line":107,"column":4},"end":{"line":107,"column":53}},"59":{"start":{"line":109,"column":4},"end":{"line":109,"column":53}},"60":{"start":{"line":104,"column":0},"end":{"line":104,"column":16}},"61":{"start":{"line":114,"column":2},"end":{"line":118,"column":null}},"62":{"start":{"line":115,"column":4},"end":{"line":115,"column":51}},"63":{"start":{"line":115,"column":35},"end":{"line":115,"column":49}},"64":{"start":{"line":117,"column":4},"end":{"line":117,"column":51}},"65":{"start":{"line":117,"column":35},"end":{"line":117,"column":49}},"66":{"start":{"line":113,"column":0},"end":{"line":113,"column":16}},"67":{"start":{"line":122,"column":2},"end":{"line":124,"column":null}},"68":{"start":{"line":123,"column":4},"end":{"line":123,"column":21}},"69":{"start":{"line":125,"column":2},"end":{"line":125,"column":75}},"70":{"start":{"line":121,"column":0},"end":{"line":121,"column":16}},"71":{"start":{"line":129,"column":2},"end":{"line":129,"column":67}},"72":{"start":{"line":132,"column":2},"end":{"line":136,"column":null}},"73":{"start":{"line":133,"column":4},"end":{"line":133,"column":27}},"74":{"start":{"line":135,"column":4},"end":{"line":135,"column":32}},"75":{"start":{"line":131,"column":0},"end":{"line":131,"column":16}},"76":{"start":{"line":140,"column":2},"end":{"line":144,"column":null}},"77":{"start":{"line":141,"column":4},"end":{"line":141,"column":46}},"78":{"start":{"line":141,"column":35},"end":{"line":141,"column":44}},"79":{"start":{"line":143,"column":4},"end":{"line":143,"column":51}},"80":{"start":{"line":143,"column":35},"end":{"line":143,"column":49}},"81":{"start":{"line":139,"column":0},"end":{"line":139,"column":16}},"82":{"start":{"line":148,"column":2},"end":{"line":148,"column":60}},"83":{"start":{"line":148,"column":48},"end":{"line":148,"column":58}},"84":{"start":{"line":147,"column":0},"end":{"line":147,"column":16}}},"fnMap":{"0":{"name":"createEmptyGameBoardArrayFromSize","decl":{"start":{"line":4,"column":16},"end":{"line":4,"column":49}},"loc":{"start":{"line":4,"column":62},"end":{"line":6,"column":1}}},"1":{"name":"xAndYPositionFromTotalIndexAndSize","decl":{"start":{"line":13,"column":16},"end":{"line":13,"column":50}},"loc":{"start":{"line":15,"column":14},"end":{"line":20,"column":1}}},"2":{"name":"calculateNumberOfLivingNeighbours","decl":{"start":{"line":22,"column":16},"end":{"line":22,"column":49}},"loc":{"start":{"line":24,"column":31},"end":{"line":38,"column":1}}},"3":{"name":"doesCellSurvive","decl":{"start":{"line":40,"column":16},"end":{"line":40,"column":31}},"loc":{"start":{"line":44,"column":1},"end":{"line":52,"column":1}}},"4":{"name":"willCellPopulate","decl":{"start":{"line":54,"column":16},"end":{"line":54,"column":32}},"loc":{"start":{"line":58,"column":1},"end":{"line":63,"column":1}}},"5":{"name":"calculateNextBoard","decl":{"start":{"line":65,"column":16},"end":{"line":65,"column":34}},"loc":{"start":{"line":65,"column":56},"end":{"line":78,"column":1}}},"6":{"name":"calclulateNextCellState","decl":{"start":{"line":80,"column":16},"end":{"line":80,"column":39}},"loc":{"start":{"line":82,"column":34},"end":{"line":92,"column":1}}},"7":{"name":"growGameboard","decl":{"start":{"line":93,"column":16},"end":{"line":93,"column":29}},"loc":{"start":{"line":93,"column":73},"end":{"line":98,"column":1}}},"8":{"name":"addOneRowAndColToBoard","decl":{"start":{"line":100,"column":9},"end":{"line":100,"column":31}},"loc":{"start":{"line":100,"column":53},"end":{"line":102,"column":1}}},"9":{"name":"addRowToGameBoard","decl":{"start":{"line":104,"column":16},"end":{"line":104,"column":33}},"loc":{"start":{"line":104,"column":55},"end":{"line":111,"column":1}}},"10":{"name":"addColToGameBoard","decl":{"start":{"line":113,"column":16},"end":{"line":113,"column":33}},"loc":{"start":{"line":113,"column":55},"end":{"line":119,"column":1}}},"11":{"name":"(anonymous_11)","decl":{"start":{"line":115,"column":26},"end":{"line":115,"column":27}},"loc":{"start":{"line":115,"column":35},"end":{"line":115,"column":49}}},"12":{"name":"(anonymous_12)","decl":{"start":{"line":117,"column":26},"end":{"line":117,"column":27}},"loc":{"start":{"line":117,"column":35},"end":{"line":117,"column":49}}},"13":{"name":"shrinkGameBoard","decl":{"start":{"line":121,"column":16},"end":{"line":121,"column":31}},"loc":{"start":{"line":121,"column":67},"end":{"line":126,"column":1}}},"14":{"name":"removeOneRowAndColFromGameBoard","decl":{"start":{"line":128,"column":9},"end":{"line":128,"column":40}},"loc":{"start":{"line":128,"column":62},"end":{"line":130,"column":1}}},"15":{"name":"removeRowFromGameBoard","decl":{"start":{"line":131,"column":16},"end":{"line":131,"column":38}},"loc":{"start":{"line":131,"column":60},"end":{"line":137,"column":1}}},"16":{"name":"removeColFromGameBoard","decl":{"start":{"line":139,"column":16},"end":{"line":139,"column":38}},"loc":{"start":{"line":139,"column":60},"end":{"line":145,"column":1}}},"17":{"name":"(anonymous_17)","decl":{"start":{"line":141,"column":26},"end":{"line":141,"column":27}},"loc":{"start":{"line":141,"column":35},"end":{"line":141,"column":44}}},"18":{"name":"(anonymous_18)","decl":{"start":{"line":143,"column":26},"end":{"line":143,"column":27}},"loc":{"start":{"line":143,"column":35},"end":{"line":143,"column":49}}},"19":{"name":"countActiveCells","decl":{"start":{"line":147,"column":16},"end":{"line":147,"column":32}},"loc":{"start":{"line":147,"column":54},"end":{"line":149,"column":1}}},"20":{"name":"(anonymous_20)","decl":{"start":{"line":148,"column":33},"end":{"line":148,"column":34}},"loc":{"start":{"line":148,"column":48},"end":{"line":148,"column":58}}}},"branchMap":{"0":{"loc":{"start":{"line":45,"column":2},"end":{"line":51,"column":null}},"type":"if","locations":[{"start":{"line":45,"column":2},"end":{"line":51,"column":null}},{"start":{"line":47,"column":9},"end":{"line":51,"column":null}}]},"1":{"loc":{"start":{"line":47,"column":9},"end":{"line":51,"column":null}},"type":"if","locations":[{"start":{"line":47,"column":9},"end":{"line":51,"column":null}},{"start":{"line":49,"column":9},"end":{"line":51,"column":null}}]},"2":{"loc":{"start":{"line":59,"column":2},"end":{"line":61,"column":null}},"type":"if","locations":[{"start":{"line":59,"column":2},"end":{"line":61,"column":null}}]},"3":{"loc":{"start":{"line":84,"column":2},"end":{"line":91,"column":null}},"type":"if","locations":[{"start":{"line":84,"column":2},"end":{"line":91,"column":null}},{"start":{"line":86,"column":9},"end":{"line":91,"column":null}}]},"4":{"loc":{"start":{"line":85,"column":11},"end":{"line":85,"column":92}},"type":"cond-expr","locations":[{"start":{"line":85,"column":60},"end":{"line":85,"column":75}},{"start":{"line":85,"column":78},"end":{"line":85,"column":92}}]},"5":{"loc":{"start":{"line":86,"column":9},"end":{"line":91,"column":null}},"type":"if","locations":[{"start":{"line":86,"column":9},"end":{"line":91,"column":null}},{"start":{"line":88,"column":9},"end":{"line":91,"column":null}}]},"6":{"loc":{"start":{"line":87,"column":11},"end":{"line":87,"column":91}},"type":"cond-expr","locations":[{"start":{"line":87,"column":59},"end":{"line":87,"column":74}},{"start":{"line":87,"column":77},"end":{"line":87,"column":91}}]},"7":{"loc":{"start":{"line":94,"column":2},"end":{"line":96,"column":null}},"type":"if","locations":[{"start":{"line":94,"column":2},"end":{"line":96,"column":null}}]},"8":{"loc":{"start":{"line":106,"column":2},"end":{"line":110,"column":null}},"type":"if","locations":[{"start":{"line":106,"column":2},"end":{"line":110,"column":null}},{"start":{"line":108,"column":9},"end":{"line":110,"column":null}}]},"9":{"loc":{"start":{"line":114,"column":2},"end":{"line":118,"column":null}},"type":"if","locations":[{"start":{"line":114,"column":2},"end":{"line":118,"column":null}},{"start":{"line":116,"column":9},"end":{"line":118,"column":null}}]},"10":{"loc":{"start":{"line":122,"column":2},"end":{"line":124,"column":null}},"type":"if","locations":[{"start":{"line":122,"column":2},"end":{"line":124,"column":null}}]},"11":{"loc":{"start":{"line":132,"column":2},"end":{"line":136,"column":null}},"type":"if","locations":[{"start":{"line":132,"column":2},"end":{"line":136,"column":null}},{"start":{"line":134,"column":9},"end":{"line":136,"column":null}}]},"12":{"loc":{"start":{"line":140,"column":2},"end":{"line":144,"column":null}},"type":"if","locations":[{"start":{"line":140,"column":2},"end":{"line":144,"column":null}},{"start":{"line":142,"column":9},"end":{"line":144,"column":null}}]}},"s":{"0":1,"1":1,"2":1,"3":1,"4":2,"5":2,"6":2,"7":1,"8":20,"9":20,"10":20,"11":20,"12":20,"13":20,"14":20,"15":51,"16":51,"17":133,"18":20,"19":20,"20":1,"21":14,"22":5,"23":9,"24":3,"25":6,"26":1,"27":24,"28":4,"29":20,"30":1,"31":1,"32":1,"33":1,"34":1,"35":1,"36":4,"37":4,"38":4,"39":16,"40":16,"41":4,"42":1,"43":1,"44":18,"45":14,"46":4,"47":4,"48":0,"49":0,"50":1,"51":0,"52":0,"53":0,"54":1,"55":0,"56":2,"57":2,"58":1,"59":1,"60":1,"61":2,"62":1,"63":4,"64":1,"65":4,"66":1,"67":0,"68":0,"69":0,"70":1,"71":0,"72":2,"73":1,"74":1,"75":1,"76":2,"77":1,"78":4,"79":1,"80":4,"81":1,"82":1,"83":15,"84":1},"f":{"0":1,"1":2,"2":20,"3":14,"4":24,"5":1,"6":18,"7":0,"8":0,"9":2,"10":2,"11":4,"12":4,"13":0,"14":0,"15":2,"16":2,"17":4,"18":4,"19":1,"20":15},"b":{"0":[5,9],"1":[3,6],"2":[4],"3":[14,4],"4":[3,11],"5":[4,0],"6":[1,3],"7":[0],"8":[1,1],"9":[1,1],"10":[0],"11":[1,1],"12":[1,1]}}
}
