{"C:\\Users\\georg\\Entwicklung\\Vuejs\\conways game of life\\src\\composables\\gameOfLife.ts": {"path":"C:\\Users\\georg\\Entwicklung\\Vuejs\\conways game of life\\src\\composables\\gameOfLife.ts","statementMap":{"0":{"start":{"line":2,"column":2},"end":{"line":2,"column":55}},"1":{"start":{"line":1,"column":0},"end":{"line":1,"column":16}},"2":{"start":{"line":8,"column":15},"end":{"line":8,"column":27}},"3":{"start":{"line":9,"column":15},"end":{"line":9,"column":39}},"4":{"start":{"line":10,"column":2},"end":{"line":10,"column":30}},"5":{"start":{"line":4,"column":0},"end":{"line":4,"column":16}},"6":{"start":{"line":17,"column":15},"end":{"line":17,"column":37}},"7":{"start":{"line":18,"column":15},"end":{"line":18,"column":52}},"8":{"start":{"line":19,"column":15},"end":{"line":19,"column":37}},"9":{"start":{"line":20,"column":15},"end":{"line":20,"column":52}},"10":{"start":{"line":21,"column":25},"end":{"line":21,"column":26}},"11":{"start":{"line":22,"column":2},"end":{"line":26,"column":null}},"12":{"start":{"line":22,"column":15},"end":{"line":22,"column":19}},"13":{"start":{"line":23,"column":4},"end":{"line":25,"column":null}},"14":{"start":{"line":23,"column":17},"end":{"line":23,"column":21}},"15":{"start":{"line":24,"column":6},"end":{"line":24,"column":38}},"16":{"start":{"line":27,"column":2},"end":{"line":27,"column":42}},"17":{"start":{"line":28,"column":2},"end":{"line":28,"column":26}},"18":{"start":{"line":13,"column":0},"end":{"line":13,"column":16}},"19":{"start":{"line":35,"column":21},"end":{"line":35,"column":57}},"20":{"start":{"line":36,"column":2},"end":{"line":42,"column":null}},"21":{"start":{"line":37,"column":4},"end":{"line":37,"column":17}},"22":{"start":{"line":38,"column":9},"end":{"line":42,"column":null}},"23":{"start":{"line":39,"column":4},"end":{"line":39,"column":16}},"24":{"start":{"line":41,"column":4},"end":{"line":41,"column":17}},"25":{"start":{"line":31,"column":0},"end":{"line":31,"column":16}},"26":{"start":{"line":49,"column":21},"end":{"line":49,"column":57}},"27":{"start":{"line":50,"column":2},"end":{"line":50,"column":42}},"28":{"start":{"line":51,"column":2},"end":{"line":53,"column":null}},"29":{"start":{"line":52,"column":4},"end":{"line":52,"column":16}},"30":{"start":{"line":54,"column":2},"end":{"line":54,"column":15}},"31":{"start":{"line":45,"column":0},"end":{"line":45,"column":16}}},"fnMap":{"0":{"name":"createGameBoardArrayFromSize","decl":{"start":{"line":1,"column":16},"end":{"line":1,"column":44}},"loc":{"start":{"line":1,"column":57},"end":{"line":3,"column":1}}},"1":{"name":"xAndYPositionFromTotalIndexAndSize","decl":{"start":{"line":4,"column":16},"end":{"line":4,"column":50}},"loc":{"start":{"line":6,"column":14},"end":{"line":11,"column":1}}},"2":{"name":"numberOfLivingNeighbours","decl":{"start":{"line":13,"column":16},"end":{"line":13,"column":40}},"loc":{"start":{"line":15,"column":31},"end":{"line":29,"column":1}}},"3":{"name":"doesCellSurvive","decl":{"start":{"line":31,"column":16},"end":{"line":31,"column":31}},"loc":{"start":{"line":33,"column":31},"end":{"line":43,"column":1}}},"4":{"name":"willCellPopulate","decl":{"start":{"line":45,"column":16},"end":{"line":45,"column":32}},"loc":{"start":{"line":47,"column":31},"end":{"line":55,"column":1}}}},"branchMap":{"0":{"loc":{"start":{"line":36,"column":2},"end":{"line":42,"column":null}},"type":"if","locations":[{"start":{"line":36,"column":2},"end":{"line":42,"column":null}},{"start":{"line":38,"column":9},"end":{"line":42,"column":null}}]},"1":{"loc":{"start":{"line":38,"column":9},"end":{"line":42,"column":null}},"type":"if","locations":[{"start":{"line":38,"column":9},"end":{"line":42,"column":null}},{"start":{"line":40,"column":9},"end":{"line":42,"column":null}}]},"2":{"loc":{"start":{"line":51,"column":2},"end":{"line":53,"column":null}},"type":"if","locations":[{"start":{"line":51,"column":2},"end":{"line":53,"column":null}}]}},"s":{"0":1,"1":1,"2":2,"3":2,"4":2,"5":1,"6":7,"7":7,"8":7,"9":7,"10":7,"11":7,"12":7,"13":18,"14":18,"15":52,"16":7,"17":7,"18":1,"19":3,"20":3,"21":1,"22":2,"23":1,"24":1,"25":1,"26":2,"27":2,"28":2,"29":1,"30":1,"31":1},"f":{"0":1,"1":2,"2":7,"3":3,"4":2},"b":{"0":[1,2],"1":[1,1],"2":[1]}}
}
