TN:
SF:src\composables\gameOfLife.ts
FN:1,createGameBoardArrayFromSize
FN:4,xAndYPositionFromTotalIndexAndSize
FN:13,numberOfLivingNeighbours
FN:31,doesCellSurvive
FN:45,willCellPopulate
FNF:5
FNH:5
FNDA:1,createGameBoardArrayFromSize
FNDA:2,xAndYPositionFromTotalIndexAndSize
FNDA:7,numberOfLivingNeighbours
FNDA:3,doesCellSurvive
FNDA:2,willCellPopulate
DA:1,1
DA:2,1
DA:4,1
DA:8,2
DA:9,2
DA:10,2
DA:13,1
DA:17,7
DA:18,7
DA:19,7
DA:20,7
DA:21,7
DA:22,7
DA:23,18
DA:24,52
DA:27,7
DA:28,7
DA:31,1
DA:35,3
DA:36,3
DA:37,1
DA:38,2
DA:39,1
DA:41,1
DA:45,1
DA:49,2
DA:50,2
DA:51,2
DA:52,1
DA:54,1
LF:30
LH:30
BRDA:36,0,0,1
BRDA:36,0,1,2
BRDA:38,1,0,1
BRDA:38,1,1,1
BRDA:51,2,0,1
BRF:5
BRH:5
end_of_record
