TN:
SF:src\composables\gameOfLife.ts
FN:4,createEmptyGameBoardArrayFromSize
FN:13,xAndYPositionFromTotalIndexAndSize
FN:22,calculateNumberOfLivingNeighbours
FN:40,doesCellSurvive
FN:54,willCellPopulate
FN:65,calculateNextBoard
FN:80,calclulateNextCellState
FN:93,growGameboard
FN:100,addOneRowAndColToBoard
FN:104,addRowToGameBoard
FN:113,addColToGameBoard
FN:115,(anonymous_11)
FN:117,(anonymous_12)
FN:121,shrinkGameBoard
FN:128,removeOneRowAndColFromGameBoard
FN:131,removeRowFromGameBoard
FN:139,removeColFromGameBoard
FN:141,(anonymous_17)
FN:143,(anonymous_18)
FN:147,countActiveCells
FN:148,(anonymous_20)
FNF:21
FNH:17
FNDA:1,createEmptyGameBoardArrayFromSize
FNDA:2,xAndYPositionFromTotalIndexAndSize
FNDA:20,calculateNumberOfLivingNeighbours
FNDA:14,doesCellSurvive
FNDA:24,willCellPopulate
FNDA:1,calculateNextBoard
FNDA:18,calclulateNextCellState
FNDA:0,growGameboard
FNDA:0,addOneRowAndColToBoard
FNDA:2,addRowToGameBoard
FNDA:2,addColToGameBoard
FNDA:4,(anonymous_11)
FNDA:4,(anonymous_12)
FNDA:0,shrinkGameBoard
FNDA:0,removeOneRowAndColFromGameBoard
FNDA:2,removeRowFromGameBoard
FNDA:2,removeColFromGameBoard
FNDA:4,(anonymous_17)
FNDA:4,(anonymous_18)
FNDA:1,countActiveCells
FNDA:15,(anonymous_20)
DA:2,1
DA:4,1
DA:5,1
DA:8,1
DA:13,1
DA:17,2
DA:18,2
DA:19,2
DA:22,1
DA:26,20
DA:27,20
DA:28,20
DA:29,20
DA:30,20
DA:31,20
DA:32,51
DA:33,133
DA:36,20
DA:37,20
DA:40,1
DA:45,14
DA:46,5
DA:47,9
DA:48,3
DA:50,6
DA:54,1
DA:59,24
DA:60,4
DA:62,20
DA:65,1
DA:66,1
DA:67,1
DA:68,1
DA:69,1
DA:70,4
DA:71,4
DA:72,16
DA:73,16
DA:75,4
DA:77,1
DA:80,1
DA:84,18
DA:85,14
DA:86,4
DA:87,4
DA:89,0
DA:90,0
DA:93,1
DA:94,0
DA:95,0
DA:97,0
DA:101,0
DA:104,1
DA:105,2
DA:106,2
DA:107,1
DA:109,1
DA:113,1
DA:114,2
DA:115,4
DA:117,4
DA:121,1
DA:122,0
DA:123,0
DA:125,0
DA:129,0
DA:131,1
DA:132,2
DA:133,1
DA:135,1
DA:139,1
DA:140,2
DA:141,4
DA:143,4
DA:147,1
DA:148,15
LF:76
LH:66
BRDA:45,0,0,5
BRDA:45,0,1,9
BRDA:47,1,0,3
BRDA:47,1,1,6
BRDA:59,2,0,4
BRDA:84,3,0,14
BRDA:84,3,1,4
BRDA:85,4,0,3
BRDA:85,4,1,11
BRDA:86,5,0,4
BRDA:86,5,1,0
BRDA:87,6,0,1
BRDA:87,6,1,3
BRDA:94,7,0,0
BRDA:106,8,0,1
BRDA:106,8,1,1
BRDA:114,9,0,1
BRDA:114,9,1,1
BRDA:122,10,0,0
BRDA:132,11,0,1
BRDA:132,11,1,1
BRDA:140,12,0,1
BRDA:140,12,1,1
BRF:23
BRH:20
end_of_record
